<?xml version="1.0" encoding="UTF-8"?>
<testng-results ignored="0" total="1" passed="1" failed="0" skipped="0">
  <reporter-output>
  </reporter-output>
  <suite started-at="2021-02-11T21:54:55 IST" name="Default suite" finished-at="2021-02-11T21:56:58 IST" duration-ms="123321">
    <groups>
    </groups>
    <test started-at="2021-02-11T21:54:55 IST" name="Default test" finished-at="2021-02-11T21:56:58 IST" duration-ms="123321">
      <class name="ATC_Round2.HomePage">
        <test-method signature="basePageNavigation(java.lang.String, java.lang.String)[pri:0, instance:ATC_Round2.HomePage@15aab8c6]" started-at="2021-02-11T21:54:55 IST" name="basePageNavigation" data-provider="getData" finished-at="2021-02-11T21:56:58 IST" duration-ms="123261" status="PASS">
          <params>
            <param index="0">
              <value>
                <![CDATA[seleniumTestabcd@gmail.com]]>
              </value>
            </param>
            <param index="1">
              <value>
                <![CDATA[Sele@1234]]>
              </value>
            </param>
          </params>
          <reporter-output>
          </reporter-output>
        </test-method> <!-- basePageNavigation -->
      </class> <!-- ATC_Round2.HomePage -->
    </test> <!-- Default test -->
  </suite> <!-- Default suite -->
</testng-results>
